2026-02-09T16:37:58.219+07:00  INFO 22700 --- [customer-service] [restartedMain] c.t.d.c.CustomerServiceApplication       : Starting CustomerServiceApplication using Java 21.0.8 with PID 22700 (C:\TeamSolutionTraining\internship-ecommerce-microservices-demo\customer-service\target\classes started by linhk in C:\TeamSolutionTraining\internship-ecommerce-microservices-demo\customer-service)
2026-02-09T16:37:58.223+07:00  INFO 22700 --- [customer-service] [restartedMain] c.t.d.c.CustomerServiceApplication       : No active profile set, falling back to 1 default profile: "default"
2026-02-09T16:37:58.324+07:00  INFO 22700 --- [customer-service] [restartedMain] .e.DevToolsPropertyDefaultsPostProcessor : Devtools property defaults active! Set 'spring.devtools.add-properties' to 'false' to disable
2026-02-09T16:37:58.325+07:00  INFO 22700 --- [customer-service] [restartedMain] .e.DevToolsPropertyDefaultsPostProcessor : For additional web related logging consider setting the 'logging.level.web' property to 'DEBUG'
2026-02-09T16:37:59.834+07:00  INFO 22700 --- [customer-service] [restartedMain] .s.d.r.c.RepositoryConfigurationDelegate : Bootstrapping Spring Data JPA repositories in DEFAULT mode.
2026-02-09T16:38:00.309+07:00  INFO 22700 --- [customer-service] [restartedMain] .s.d.r.c.RepositoryConfigurationDelegate : Finished Spring Data repository scanning in 454 ms. Found 2 JPA repository interfaces.
2026-02-09T16:38:00.752+07:00  INFO 22700 --- [customer-service] [restartedMain] o.s.cloud.context.scope.GenericScope     : BeanFactory id=05400982-891f-3fe3-a1c7-7579a988be59
2026-02-09T16:38:00.959+07:00  WARN 22700 --- [customer-service] [restartedMain] trationDelegate$BeanPostProcessorChecker : Bean 'org.springframework.cloud.client.loadbalancer.LoadBalancerAutoConfiguration$DeferringLoadBalancerInterceptorConfig' of type [org.springframework.cloud.client.loadbalancer.LoadBalancerAutoConfiguration$DeferringLoadBalancerInterceptorConfig] is not eligible for getting processed by all BeanPostProcessors (for example: not eligible for auto-proxying). The currently created BeanPostProcessor [lbRestClientPostProcessor] is declared through a non-static factory method on that class; consider declaring it as static instead.
2026-02-09T16:38:00.968+07:00  WARN 22700 --- [customer-service] [restartedMain] trationDelegate$BeanPostProcessorChecker : Bean 'deferringLoadBalancerInterceptor' of type [org.springframework.cloud.client.loadbalancer.DeferringLoadBalancerInterceptor] is not eligible for getting processed by all BeanPostProcessors (for example: not eligible for auto-proxying). Is this bean getting eagerly injected/applied to a currently created BeanPostProcessor [lbRestClientPostProcessor]? Check the corresponding BeanPostProcessor declaration and its dependencies/advisors. If this bean does not have to be post-processed, declare it with ROLE_INFRASTRUCTURE.
2026-02-09T16:38:01.714+07:00  INFO 22700 --- [customer-service] [restartedMain] o.s.b.w.embedded.tomcat.TomcatWebServer  : Tomcat initialized with port 9002 (http)
2026-02-09T16:38:01.740+07:00  INFO 22700 --- [customer-service] [restartedMain] o.apache.catalina.core.StandardService   : Starting service [Tomcat]
2026-02-09T16:38:01.740+07:00  INFO 22700 --- [customer-service] [restartedMain] o.apache.catalina.core.StandardEngine    : Starting Servlet engine: [Apache Tomcat/10.1.31]
2026-02-09T16:38:01.826+07:00  INFO 22700 --- [customer-service] [restartedMain] o.a.c.c.C.[Tomcat].[localhost].[/]       : Initializing Spring embedded WebApplicationContext
2026-02-09T16:38:01.827+07:00  INFO 22700 --- [customer-service] [restartedMain] w.s.c.ServletWebServerApplicationContext : Root WebApplicationContext: initialization completed in 3501 ms
2026-02-09T16:38:02.199+07:00  INFO 22700 --- [customer-service] [restartedMain] com.zaxxer.hikari.HikariDataSource       : HikariPool-1 - Starting...
2026-02-09T16:38:02.599+07:00  INFO 22700 --- [customer-service] [restartedMain] com.zaxxer.hikari.pool.HikariPool        : HikariPool-1 - Added connection org.postgresql.jdbc.PgConnection@b8099c
2026-02-09T16:38:02.602+07:00  INFO 22700 --- [customer-service] [restartedMain] com.zaxxer.hikari.HikariDataSource       : HikariPool-1 - Start completed.
2026-02-09T16:38:02.662+07:00  INFO 22700 --- [customer-service] [restartedMain] org.flywaydb.core.FlywayExecutor         : Database: jdbc:postgresql://localhost:5432/customer_service_db (PostgreSQL 18.1)
2026-02-09T16:38:02.678+07:00  WARN 22700 --- [customer-service] [restartedMain] o.f.c.internal.database.base.Database    : Flyway upgrade recommended: PostgreSQL 18.1 is newer than this version of Flyway and support has not been tested. The latest supported version of PostgreSQL is 16.
2026-02-09T16:38:02.763+07:00  INFO 22700 --- [customer-service] [restartedMain] o.f.core.internal.command.DbValidate     : Successfully validated 1 migration (execution time 00:00.059s)
2026-02-09T16:38:02.785+07:00  INFO 22700 --- [customer-service] [restartedMain] o.f.core.internal.command.DbMigrate      : Current version of schema "public": 1
2026-02-09T16:38:02.792+07:00  INFO 22700 --- [customer-service] [restartedMain] o.f.core.internal.command.DbMigrate      : Schema "public" is up to date. No migration necessary.
2026-02-09T16:38:02.954+07:00  INFO 22700 --- [customer-service] [restartedMain] o.hibernate.jpa.internal.util.LogHelper  : HHH000204: Processing PersistenceUnitInfo [name: default]
2026-02-09T16:38:03.062+07:00  INFO 22700 --- [customer-service] [restartedMain] org.hibernate.Version                    : HHH000412: Hibernate ORM core version 6.5.3.Final
2026-02-09T16:38:03.133+07:00  INFO 22700 --- [customer-service] [restartedMain] o.h.c.internal.RegionFactoryInitiator    : HHH000026: Second-level cache disabled
2026-02-09T16:38:03.824+07:00  INFO 22700 --- [customer-service] [restartedMain] o.s.o.j.p.SpringPersistenceUnitInfo      : No LoadTimeWeaver setup: ignoring JPA class transformer
2026-02-09T16:38:03.932+07:00  WARN 22700 --- [customer-service] [restartedMain] org.hibernate.orm.deprecation            : HHH90000025: PostgreSQLDialect does not need to be specified explicitly using 'hibernate.dialect' (remove the property setting and it will be selected by default)
2026-02-09T16:38:06.809+07:00  INFO 22700 --- [customer-service] [restartedMain] o.h.e.t.j.p.i.JtaPlatformInitiator       : HHH000489: No JTA platform available (set 'hibernate.transaction.jta.platform' to enable JTA platform integration)
2026-02-09T16:38:06.832+07:00  INFO 22700 --- [customer-service] [restartedMain] j.LocalContainerEntityManagerFactoryBean : Initialized JPA EntityManagerFactory for persistence unit 'default'
2026-02-09T16:38:08.618+07:00  WARN 22700 --- [customer-service] [restartedMain] JpaBaseConfiguration$JpaWebConfiguration : spring.jpa.open-in-view is enabled by default. Therefore, database queries may be performed during view rendering. Explicitly configure spring.jpa.open-in-view to disable this warning
2026-02-09T16:38:09.973+07:00  WARN 22700 --- [customer-service] [restartedMain] o.s.b.d.a.OptionalLiveReloadServer       : Unable to start LiveReload server
2026-02-09T16:38:11.039+07:00  INFO 22700 --- [customer-service] [restartedMain] o.s.cloud.commons.util.InetUtils         : Cannot determine local hostname
2026-02-09T16:38:12.172+07:00  INFO 22700 --- [customer-service] [restartedMain] o.s.cloud.commons.util.InetUtils         : Cannot determine local hostname
2026-02-09T16:38:12.271+07:00  INFO 22700 --- [customer-service] [restartedMain] DiscoveryClientOptionalArgsConfiguration : Eureka HTTP Client uses RestTemplate.
2026-02-09T16:38:12.401+07:00  WARN 22700 --- [customer-service] [restartedMain] iguration$LoadBalancerCaffeineWarnLogger : Spring Cloud LoadBalancer is currently working with the default cache. While this cache implementation is useful for development and tests, it's recommended to use Caffeine cache in production.You can switch to using Caffeine cache, by adding it and org.springframework.cache.caffeine.CaffeineCacheManager to the classpath.
2026-02-09T16:38:12.531+07:00  INFO 22700 --- [customer-service] [restartedMain] o.s.c.n.eureka.InstanceInfoFactory       : Setting initial instance status as: STARTING
2026-02-09T16:38:13.313+07:00  INFO 22700 --- [customer-service] [restartedMain] com.netflix.discovery.DiscoveryClient    : Initializing Eureka in region us-east-1
2026-02-09T16:38:13.389+07:00  INFO 22700 --- [customer-service] [restartedMain] c.n.d.s.r.aws.ConfigClusterResolver      : Resolving eureka endpoints via configuration
2026-02-09T16:38:13.489+07:00  INFO 22700 --- [customer-service] [restartedMain] com.netflix.discovery.DiscoveryClient    : Disable delta property : false
2026-02-09T16:38:13.490+07:00  INFO 22700 --- [customer-service] [restartedMain] com.netflix.discovery.DiscoveryClient    : Single vip registry refresh property : null
2026-02-09T16:38:13.490+07:00  INFO 22700 --- [customer-service] [restartedMain] com.netflix.discovery.DiscoveryClient    : Force full registry fetch : false
2026-02-09T16:38:13.490+07:00  INFO 22700 --- [customer-service] [restartedMain] com.netflix.discovery.DiscoveryClient    : Application is null : false
2026-02-09T16:38:13.490+07:00  INFO 22700 --- [customer-service] [restartedMain] com.netflix.discovery.DiscoveryClient    : Registered Applications size is zero : true
2026-02-09T16:38:13.490+07:00  INFO 22700 --- [customer-service] [restartedMain] com.netflix.discovery.DiscoveryClient    : Application version is -1: true
2026-02-09T16:38:13.490+07:00  INFO 22700 --- [customer-service] [restartedMain] com.netflix.discovery.DiscoveryClient    : Getting all instance registry info from the eureka server
2026-02-09T16:38:14.637+07:00  INFO 22700 --- [customer-service] [restartedMain] com.netflix.discovery.DiscoveryClient    : The response status is 200
2026-02-09T16:38:14.659+07:00  INFO 22700 --- [customer-service] [restartedMain] com.netflix.discovery.DiscoveryClient    : Starting heartbeat executor: renew interval is: 30
2026-02-09T16:38:14.674+07:00  INFO 22700 --- [customer-service] [restartedMain] c.n.discovery.InstanceInfoReplicator     : InstanceInfoReplicator onDemand update allowed rate per min is 4
2026-02-09T16:38:14.710+07:00  INFO 22700 --- [customer-service] [restartedMain] com.netflix.discovery.DiscoveryClient    : Discovery Client initialized at timestamp 1770629894708 with initial instances count: 1
2026-02-09T16:38:14.741+07:00  INFO 22700 --- [customer-service] [restartedMain] o.s.c.n.e.s.EurekaServiceRegistry        : Registering application CUSTOMER-SERVICE with eureka with status UP
2026-02-09T16:38:14.742+07:00  INFO 22700 --- [customer-service] [restartedMain] com.netflix.discovery.DiscoveryClient    : Saw local status change event StatusChangeEvent [timestamp=1770629894742, current=UP, previous=STARTING]
2026-02-09T16:38:14.746+07:00  INFO 22700 --- [customer-service] [DiscoveryClient-InstanceInfoReplicator-%d] com.netflix.discovery.DiscoveryClient    : DiscoveryClient_CUSTOMER-SERVICE/localhost:customer-service:9002: registering service...
2026-02-09T16:38:14.794+07:00  INFO 22700 --- [customer-service] [restartedMain] o.s.b.w.embedded.tomcat.TomcatWebServer  : Tomcat started on port 9002 (http) with context path '/'
2026-02-09T16:38:14.797+07:00  INFO 22700 --- [customer-service] [restartedMain] .s.c.n.e.s.EurekaAutoServiceRegistration : Updating port to 9002
2026-02-09T16:38:14.877+07:00  INFO 22700 --- [customer-service] [DiscoveryClient-InstanceInfoReplicator-%d] com.netflix.discovery.DiscoveryClient    : DiscoveryClient_CUSTOMER-SERVICE/localhost:customer-service:9002 - registration status: 204
2026-02-09T16:38:15.834+07:00  INFO 22700 --- [customer-service] [restartedMain] o.s.cloud.commons.util.InetUtils         : Cannot determine local hostname
2026-02-09T16:38:15.892+07:00  INFO 22700 --- [customer-service] [restartedMain] c.t.d.c.CustomerServiceApplication       : Started CustomerServiceApplication in 19.931 seconds (process running for 21.558)
