2026-02-09T12:37:14.045+07:00  INFO 24608 --- [auth-service] [restartedMain] c.t.d.a.AuthServiceApplication           : Starting AuthServiceApplication using Java 21.0.8 with PID 24608 (C:\TeamSolutionTraining\internship-ecommerce-microservices-demo\auth-service\target\classes started by linhk in C:\TeamSolutionTraining\internship-ecommerce-microservices-demo\auth-service)
2026-02-09T12:37:14.046+07:00  INFO 24608 --- [auth-service] [restartedMain] c.t.d.a.AuthServiceApplication           : No active profile set, falling back to 1 default profile: "default"
2026-02-09T12:37:14.289+07:00  INFO 24608 --- [auth-service] [restartedMain] .s.d.r.c.RepositoryConfigurationDelegate : Bootstrapping Spring Data JPA repositories in DEFAULT mode.
2026-02-09T12:37:14.305+07:00  INFO 24608 --- [auth-service] [restartedMain] .s.d.r.c.RepositoryConfigurationDelegate : Finished Spring Data repository scanning in 14 ms. Found 1 JPA repository interface.
2026-02-09T12:37:14.450+07:00  INFO 24608 --- [auth-service] [restartedMain] o.s.cloud.context.scope.GenericScope     : BeanFactory id=c3d2e292-852f-36b0-86f3-5ec7b8f2fbee
2026-02-09T12:37:14.464+07:00  WARN 24608 --- [auth-service] [restartedMain] trationDelegate$BeanPostProcessorChecker : Bean 'org.springframework.cloud.client.loadbalancer.LoadBalancerAutoConfiguration$DeferringLoadBalancerInterceptorConfig' of type [org.springframework.cloud.client.loadbalancer.LoadBalancerAutoConfiguration$DeferringLoadBalancerInterceptorConfig] is not eligible for getting processed by all BeanPostProcessors (for example: not eligible for auto-proxying). The currently created BeanPostProcessor [lbRestClientPostProcessor] is declared through a non-static factory method on that class; consider declaring it as static instead.
2026-02-09T12:37:14.464+07:00  WARN 24608 --- [auth-service] [restartedMain] trationDelegate$BeanPostProcessorChecker : Bean 'deferringLoadBalancerInterceptor' of type [org.springframework.cloud.client.loadbalancer.DeferringLoadBalancerInterceptor] is not eligible for getting processed by all BeanPostProcessors (for example: not eligible for auto-proxying). Is this bean getting eagerly injected/applied to a currently created BeanPostProcessor [lbRestClientPostProcessor]? Check the corresponding BeanPostProcessor declaration and its dependencies/advisors. If this bean does not have to be post-processed, declare it with ROLE_INFRASTRUCTURE.
2026-02-09T12:37:14.532+07:00  INFO 24608 --- [auth-service] [restartedMain] o.s.b.w.embedded.tomcat.TomcatWebServer  : Tomcat initialized with port 9001 (http)
2026-02-09T12:37:14.533+07:00  INFO 24608 --- [auth-service] [restartedMain] o.apache.catalina.core.StandardService   : Starting service [Tomcat]
2026-02-09T12:37:14.533+07:00  INFO 24608 --- [auth-service] [restartedMain] o.apache.catalina.core.StandardEngine    : Starting Servlet engine: [Apache Tomcat/10.1.31]
2026-02-09T12:37:14.574+07:00  INFO 24608 --- [auth-service] [restartedMain] o.a.c.c.C.[Tomcat].[localhost].[/]       : Initializing Spring embedded WebApplicationContext
2026-02-09T12:37:14.574+07:00  INFO 24608 --- [auth-service] [restartedMain] w.s.c.ServletWebServerApplicationContext : Root WebApplicationContext: initialization completed in 526 ms
2026-02-09T12:37:14.609+07:00  INFO 24608 --- [auth-service] [restartedMain] com.zaxxer.hikari.HikariDataSource       : HikariPool-6 - Starting...
2026-02-09T12:37:14.659+07:00  INFO 24608 --- [auth-service] [restartedMain] com.zaxxer.hikari.pool.HikariPool        : HikariPool-6 - Added connection org.postgresql.jdbc.PgConnection@40a2665a
2026-02-09T12:37:14.659+07:00  INFO 24608 --- [auth-service] [restartedMain] com.zaxxer.hikari.HikariDataSource       : HikariPool-6 - Start completed.
2026-02-09T12:37:14.661+07:00  INFO 24608 --- [auth-service] [restartedMain] org.flywaydb.core.FlywayExecutor         : Database: jdbc:postgresql://localhost:5432/test (PostgreSQL 18.1)
2026-02-09T12:37:14.664+07:00  WARN 24608 --- [auth-service] [restartedMain] o.f.c.internal.database.base.Database    : Flyway upgrade recommended: PostgreSQL 18.1 is newer than this version of Flyway and support has not been tested. The latest supported version of PostgreSQL is 16.
2026-02-09T12:37:14.678+07:00  INFO 24608 --- [auth-service] [restartedMain] o.f.core.internal.command.DbValidate     : Successfully validated 0 migrations (execution time 00:00.008s)
2026-02-09T12:37:14.679+07:00  WARN 24608 --- [auth-service] [restartedMain] o.f.core.internal.command.DbValidate     : No migrations found. Are your locations set up correctly?
2026-02-09T12:37:14.838+07:00  INFO 24608 --- [auth-service] [restartedMain] o.f.core.internal.command.DbMigrate      : Current version of schema "public": << Empty Schema >>
2026-02-09T12:37:14.838+07:00  INFO 24608 --- [auth-service] [restartedMain] o.f.core.internal.command.DbMigrate      : Schema "public" is up to date. No migration necessary.
2026-02-09T12:37:14.857+07:00  INFO 24608 --- [auth-service] [restartedMain] o.hibernate.jpa.internal.util.LogHelper  : HHH000204: Processing PersistenceUnitInfo [name: default]
2026-02-09T12:37:14.861+07:00  INFO 24608 --- [auth-service] [restartedMain] o.h.c.internal.RegionFactoryInitiator    : HHH000026: Second-level cache disabled
2026-02-09T12:37:14.870+07:00  INFO 24608 --- [auth-service] [restartedMain] o.s.o.j.p.SpringPersistenceUnitInfo      : No LoadTimeWeaver setup: ignoring JPA class transformer
2026-02-09T12:37:14.884+07:00  WARN 24608 --- [auth-service] [restartedMain] org.hibernate.orm.deprecation            : HHH90000025: PostgreSQLDialect does not need to be specified explicitly using 'hibernate.dialect' (remove the property setting and it will be selected by default)
2026-02-09T12:37:14.920+07:00  INFO 24608 --- [auth-service] [restartedMain] o.h.e.t.j.p.i.JtaPlatformInitiator       : HHH000489: No JTA platform available (set 'hibernate.transaction.jta.platform' to enable JTA platform integration)
2026-02-09T12:37:14.920+07:00  INFO 24608 --- [auth-service] [restartedMain] j.LocalContainerEntityManagerFactoryBean : Initialized JPA EntityManagerFactory for persistence unit 'default'
2026-02-09T12:37:14.939+07:00  WARN 24608 --- [auth-service] [restartedMain] JpaBaseConfiguration$JpaWebConfiguration : spring.jpa.open-in-view is enabled by default. Therefore, database queries may be performed during view rendering. Explicitly configure spring.jpa.open-in-view to disable this warning
2026-02-09T12:37:15.088+07:00  WARN 24608 --- [auth-service] [restartedMain] .s.s.UserDetailsServiceAutoConfiguration : 

Using generated security password: 5e0724ce-ecd0-416a-a4d7-0e6ca74c8fe6

This generated password is for development use only. Your security configuration must be updated before running your application in production.

2026-02-09T12:37:15.089+07:00  INFO 24608 --- [auth-service] [restartedMain] r$InitializeUserDetailsManagerConfigurer : Global AuthenticationManager configured with UserDetailsService bean with name inMemoryUserDetailsManager
2026-02-09T12:37:15.125+07:00  WARN 24608 --- [auth-service] [restartedMain] o.s.b.d.a.OptionalLiveReloadServer       : Unable to start LiveReload server
2026-02-09T12:37:16.155+07:00  INFO 24608 --- [auth-service] [restartedMain] o.s.cloud.commons.util.InetUtils         : Cannot determine local hostname
2026-02-09T12:37:17.195+07:00  INFO 24608 --- [auth-service] [restartedMain] o.s.cloud.commons.util.InetUtils         : Cannot determine local hostname
2026-02-09T12:37:17.213+07:00  INFO 24608 --- [auth-service] [restartedMain] DiscoveryClientOptionalArgsConfiguration : Eureka HTTP Client uses RestTemplate.
2026-02-09T12:37:17.223+07:00  WARN 24608 --- [auth-service] [restartedMain] iguration$LoadBalancerCaffeineWarnLogger : Spring Cloud LoadBalancer is currently working with the default cache. While this cache implementation is useful for development and tests, it's recommended to use Caffeine cache in production.You can switch to using Caffeine cache, by adding it and org.springframework.cache.caffeine.CaffeineCacheManager to the classpath.
2026-02-09T12:37:17.250+07:00  INFO 24608 --- [auth-service] [restartedMain] o.s.c.n.eureka.InstanceInfoFactory       : Setting initial instance status as: STARTING
2026-02-09T12:37:17.251+07:00  INFO 24608 --- [auth-service] [restartedMain] com.netflix.discovery.DiscoveryClient    : Initializing Eureka in region us-east-1
2026-02-09T12:37:17.251+07:00  INFO 24608 --- [auth-service] [restartedMain] c.n.d.s.r.aws.ConfigClusterResolver      : Resolving eureka endpoints via configuration
2026-02-09T12:37:17.252+07:00  INFO 24608 --- [auth-service] [restartedMain] com.netflix.discovery.DiscoveryClient    : Disable delta property : false
2026-02-09T12:37:17.252+07:00  INFO 24608 --- [auth-service] [restartedMain] com.netflix.discovery.DiscoveryClient    : Single vip registry refresh property : null
2026-02-09T12:37:17.252+07:00  INFO 24608 --- [auth-service] [restartedMain] com.netflix.discovery.DiscoveryClient    : Force full registry fetch : false
2026-02-09T12:37:17.252+07:00  INFO 24608 --- [auth-service] [restartedMain] com.netflix.discovery.DiscoveryClient    : Application is null : false
2026-02-09T12:37:17.252+07:00  INFO 24608 --- [auth-service] [restartedMain] com.netflix.discovery.DiscoveryClient    : Registered Applications size is zero : true
2026-02-09T12:37:17.252+07:00  INFO 24608 --- [auth-service] [restartedMain] com.netflix.discovery.DiscoveryClient    : Application version is -1: true
2026-02-09T12:37:17.252+07:00  INFO 24608 --- [auth-service] [restartedMain] com.netflix.discovery.DiscoveryClient    : Getting all instance registry info from the eureka server
2026-02-09T12:37:17.268+07:00  INFO 24608 --- [auth-service] [restartedMain] com.netflix.discovery.DiscoveryClient    : The response status is 200
2026-02-09T12:37:17.269+07:00  INFO 24608 --- [auth-service] [restartedMain] com.netflix.discovery.DiscoveryClient    : Starting heartbeat executor: renew interval is: 30
2026-02-09T12:37:17.269+07:00  INFO 24608 --- [auth-service] [restartedMain] c.n.discovery.InstanceInfoReplicator     : InstanceInfoReplicator onDemand update allowed rate per min is 4
2026-02-09T12:37:17.270+07:00  INFO 24608 --- [auth-service] [restartedMain] com.netflix.discovery.DiscoveryClient    : Discovery Client initialized at timestamp 1770615437270 with initial instances count: 3
2026-02-09T12:37:17.271+07:00  INFO 24608 --- [auth-service] [restartedMain] o.s.c.n.e.s.EurekaServiceRegistry        : Registering application AUTH-SERVICE with eureka with status UP
2026-02-09T12:37:17.271+07:00  INFO 24608 --- [auth-service] [restartedMain] com.netflix.discovery.DiscoveryClient    : Saw local status change event StatusChangeEvent [timestamp=1770615437271, current=UP, previous=STARTING]
2026-02-09T12:37:17.271+07:00  INFO 24608 --- [auth-service] [DiscoveryClient-InstanceInfoReplicator-%d] com.netflix.discovery.DiscoveryClient    : DiscoveryClient_AUTH-SERVICE/localhost:auth-service:9001: registering service...
2026-02-09T12:37:17.275+07:00  INFO 24608 --- [auth-service] [restartedMain] o.s.b.w.embedded.tomcat.TomcatWebServer  : Tomcat started on port 9001 (http) with context path '/'
2026-02-09T12:37:17.276+07:00  INFO 24608 --- [auth-service] [restartedMain] .s.c.n.e.s.EurekaAutoServiceRegistration : Updating port to 9001
2026-02-09T12:37:17.282+07:00  INFO 24608 --- [auth-service] [DiscoveryClient-InstanceInfoReplicator-%d] com.netflix.discovery.DiscoveryClient    : DiscoveryClient_AUTH-SERVICE/localhost:auth-service:9001 - registration status: 204
2026-02-09T12:37:18.290+07:00  INFO 24608 --- [auth-service] [restartedMain] o.s.cloud.commons.util.InetUtils         : Cannot determine local hostname
2026-02-09T12:37:18.298+07:00  INFO 24608 --- [auth-service] [restartedMain] c.t.d.a.AuthServiceApplication           : Started AuthServiceApplication in 5.382 seconds (process running for 2986.194)
2026-02-09T12:37:18.301+07:00  INFO 24608 --- [auth-service] [restartedMain] .ConditionEvaluationDeltaLoggingListener : Condition evaluation unchanged
2026-02-09T12:42:17.264+07:00  INFO 24608 --- [auth-service] [AsyncResolver-bootstrap-executor-%d] c.n.d.s.r.aws.ConfigClusterResolver      : Resolving eureka endpoints via configuration
2026-02-09T12:45:44.931+07:00  INFO 24608 --- [auth-service] [SpringApplicationShutdownHook] o.s.c.n.e.s.EurekaServiceRegistry        : Unregistering application AUTH-SERVICE with eureka with status DOWN
2026-02-09T12:45:44.932+07:00  INFO 24608 --- [auth-service] [SpringApplicationShutdownHook] com.netflix.discovery.DiscoveryClient    : Saw local status change event StatusChangeEvent [timestamp=1770615944932, current=DOWN, previous=UP]
2026-02-09T12:45:44.933+07:00  INFO 24608 --- [auth-service] [DiscoveryClient-InstanceInfoReplicator-%d] com.netflix.discovery.DiscoveryClient    : DiscoveryClient_AUTH-SERVICE/localhost:auth-service:9001: registering service...
2026-02-09T12:45:44.957+07:00  INFO 24608 --- [auth-service] [DiscoveryClient-InstanceInfoReplicator-%d] com.netflix.discovery.DiscoveryClient    : DiscoveryClient_AUTH-SERVICE/localhost:auth-service:9001 - registration status: 204
2026-02-09T12:45:44.974+07:00  INFO 24608 --- [auth-service] [SpringApplicationShutdownHook] j.LocalContainerEntityManagerFactoryBean : Closing JPA EntityManagerFactory for persistence unit 'default'
2026-02-09T12:45:44.980+07:00  INFO 24608 --- [auth-service] [SpringApplicationShutdownHook] com.zaxxer.hikari.HikariDataSource       : HikariPool-6 - Shutdown initiated...
2026-02-09T12:45:44.990+07:00  INFO 24608 --- [auth-service] [SpringApplicationShutdownHook] com.zaxxer.hikari.HikariDataSource       : HikariPool-6 - Shutdown completed.
2026-02-09T12:45:44.998+07:00  INFO 24608 --- [auth-service] [SpringApplicationShutdownHook] com.netflix.discovery.DiscoveryClient    : Shutting down DiscoveryClient ...
2026-02-09T12:45:48.004+07:00  INFO 24608 --- [auth-service] [SpringApplicationShutdownHook] com.netflix.discovery.DiscoveryClient    : Unregistering ...
2026-02-09T12:45:48.004+07:00  WARN 24608 --- [auth-service] [DiscoveryClient-%d] c.netflix.discovery.TimedSupervisorTask  : task supervisor shutting down, can't accept the task
2026-02-09T12:45:48.009+07:00  INFO 24608 --- [auth-service] [SpringApplicationShutdownHook] com.netflix.discovery.DiscoveryClient    : DiscoveryClient_AUTH-SERVICE/localhost:auth-service:9001 - deregister  status: 200
2026-02-09T12:45:48.009+07:00  INFO 24608 --- [auth-service] [SpringApplicationShutdownHook] com.netflix.discovery.DiscoveryClient    : Completed shut down of DiscoveryClient
2026-02-09T14:41:00.505+07:00  INFO 4480 --- [auth-service] [restartedMain] c.t.d.a.AuthServiceApplication           : Starting AuthServiceApplication using Java 21.0.8 with PID 4480 (C:\TeamSolutionTraining\internship-ecommerce-microservices-demo\auth-service\target\classes started by linhk in C:\TeamSolutionTraining\internship-ecommerce-microservices-demo\auth-service)
2026-02-09T14:41:00.509+07:00  INFO 4480 --- [auth-service] [restartedMain] c.t.d.a.AuthServiceApplication           : No active profile set, falling back to 1 default profile: "default"
2026-02-09T14:41:00.558+07:00  INFO 4480 --- [auth-service] [restartedMain] .e.DevToolsPropertyDefaultsPostProcessor : Devtools property defaults active! Set 'spring.devtools.add-properties' to 'false' to disable
2026-02-09T14:41:00.558+07:00  INFO 4480 --- [auth-service] [restartedMain] .e.DevToolsPropertyDefaultsPostProcessor : For additional web related logging consider setting the 'logging.level.web' property to 'DEBUG'
2026-02-09T14:41:01.467+07:00  INFO 4480 --- [auth-service] [restartedMain] .s.d.r.c.RepositoryConfigurationDelegate : Bootstrapping Spring Data JPA repositories in DEFAULT mode.
2026-02-09T14:41:01.599+07:00  INFO 4480 --- [auth-service] [restartedMain] .s.d.r.c.RepositoryConfigurationDelegate : Finished Spring Data repository scanning in 126 ms. Found 1 JPA repository interface.
2026-02-09T14:41:01.889+07:00  INFO 4480 --- [auth-service] [restartedMain] o.s.cloud.context.scope.GenericScope     : BeanFactory id=c3d2e292-852f-36b0-86f3-5ec7b8f2fbee
2026-02-09T14:41:02.002+07:00  WARN 4480 --- [auth-service] [restartedMain] trationDelegate$BeanPostProcessorChecker : Bean 'org.springframework.cloud.client.loadbalancer.LoadBalancerAutoConfiguration$DeferringLoadBalancerInterceptorConfig' of type [org.springframework.cloud.client.loadbalancer.LoadBalancerAutoConfiguration$DeferringLoadBalancerInterceptorConfig] is not eligible for getting processed by all BeanPostProcessors (for example: not eligible for auto-proxying). The currently created BeanPostProcessor [lbRestClientPostProcessor] is declared through a non-static factory method on that class; consider declaring it as static instead.
2026-02-09T14:41:02.004+07:00  WARN 4480 --- [auth-service] [restartedMain] trationDelegate$BeanPostProcessorChecker : Bean 'deferringLoadBalancerInterceptor' of type [org.springframework.cloud.client.loadbalancer.DeferringLoadBalancerInterceptor] is not eligible for getting processed by all BeanPostProcessors (for example: not eligible for auto-proxying). Is this bean getting eagerly injected/applied to a currently created BeanPostProcessor [lbRestClientPostProcessor]? Check the corresponding BeanPostProcessor declaration and its dependencies/advisors. If this bean does not have to be post-processed, declare it with ROLE_INFRASTRUCTURE.
2026-02-09T14:41:02.499+07:00  INFO 4480 --- [auth-service] [restartedMain] o.s.b.w.embedded.tomcat.TomcatWebServer  : Tomcat initialized with port 9001 (http)
2026-02-09T14:41:02.511+07:00  INFO 4480 --- [auth-service] [restartedMain] o.apache.catalina.core.StandardService   : Starting service [Tomcat]
2026-02-09T14:41:02.511+07:00  INFO 4480 --- [auth-service] [restartedMain] o.apache.catalina.core.StandardEngine    : Starting Servlet engine: [Apache Tomcat/10.1.31]
2026-02-09T14:41:02.562+07:00  INFO 4480 --- [auth-service] [restartedMain] o.a.c.c.C.[Tomcat].[localhost].[/]       : Initializing Spring embedded WebApplicationContext
2026-02-09T14:41:02.563+07:00  INFO 4480 --- [auth-service] [restartedMain] w.s.c.ServletWebServerApplicationContext : Root WebApplicationContext: initialization completed in 2004 ms
2026-02-09T14:41:02.802+07:00  INFO 4480 --- [auth-service] [restartedMain] com.zaxxer.hikari.HikariDataSource       : HikariPool-1 - Starting...
2026-02-09T14:41:02.953+07:00  INFO 4480 --- [auth-service] [restartedMain] com.zaxxer.hikari.pool.HikariPool        : HikariPool-1 - Added connection org.postgresql.jdbc.PgConnection@79e3b842
2026-02-09T14:41:02.955+07:00  INFO 4480 --- [auth-service] [restartedMain] com.zaxxer.hikari.HikariDataSource       : HikariPool-1 - Start completed.
2026-02-09T14:41:02.986+07:00  INFO 4480 --- [auth-service] [restartedMain] org.flywaydb.core.FlywayExecutor         : Database: jdbc:postgresql://localhost:5432/auth_service_db (PostgreSQL 18.1)
2026-02-09T14:41:02.995+07:00  WARN 4480 --- [auth-service] [restartedMain] o.f.c.internal.database.base.Database    : Flyway upgrade recommended: PostgreSQL 18.1 is newer than this version of Flyway and support has not been tested. The latest supported version of PostgreSQL is 16.
2026-02-09T14:41:03.024+07:00  INFO 4480 --- [auth-service] [restartedMain] o.f.c.i.s.JdbcTableSchemaHistory         : Schema history table "public"."flyway_schema_history" does not exist yet
2026-02-09T14:41:03.027+07:00  INFO 4480 --- [auth-service] [restartedMain] o.f.core.internal.command.DbValidate     : Successfully validated 1 migration (execution time 00:00.020s)
2026-02-09T14:41:03.047+07:00  INFO 4480 --- [auth-service] [restartedMain] o.f.c.i.s.JdbcTableSchemaHistory         : Creating Schema History table "public"."flyway_schema_history" ...
2026-02-09T14:41:03.248+07:00  INFO 4480 --- [auth-service] [restartedMain] o.f.core.internal.command.DbMigrate      : Current version of schema "public": << Empty Schema >>
2026-02-09T14:41:03.257+07:00  INFO 4480 --- [auth-service] [restartedMain] o.f.core.internal.command.DbMigrate      : Migrating schema "public" to version "1 - init auth tables"
2026-02-09T14:41:03.342+07:00  INFO 4480 --- [auth-service] [restartedMain] o.f.core.internal.command.DbMigrate      : Successfully applied 1 migration to schema "public", now at version v1 (execution time 00:00.049s)
2026-02-09T14:41:03.485+07:00  INFO 4480 --- [auth-service] [restartedMain] o.hibernate.jpa.internal.util.LogHelper  : HHH000204: Processing PersistenceUnitInfo [name: default]
2026-02-09T14:41:03.607+07:00  INFO 4480 --- [auth-service] [restartedMain] org.hibernate.Version                    : HHH000412: Hibernate ORM core version 6.5.3.Final
2026-02-09T14:41:03.639+07:00  INFO 4480 --- [auth-service] [restartedMain] o.h.c.internal.RegionFactoryInitiator    : HHH000026: Second-level cache disabled
2026-02-09T14:41:03.936+07:00  INFO 4480 --- [auth-service] [restartedMain] o.s.o.j.p.SpringPersistenceUnitInfo      : No LoadTimeWeaver setup: ignoring JPA class transformer
2026-02-09T14:41:04.000+07:00  WARN 4480 --- [auth-service] [restartedMain] org.hibernate.orm.deprecation            : HHH90000025: PostgreSQLDialect does not need to be specified explicitly using 'hibernate.dialect' (remove the property setting and it will be selected by default)
2026-02-09T14:41:04.325+07:00  WARN 4480 --- [auth-service] [restartedMain] org.hibernate.mapping.RootClass          : HHH000038: Composite-id class does not override equals(): com.teamsolution.demo.authservice.entity.AccountRoleId
2026-02-09T14:41:04.325+07:00  WARN 4480 --- [auth-service] [restartedMain] org.hibernate.mapping.RootClass          : HHH000039: Composite-id class does not override hashCode(): com.teamsolution.demo.authservice.entity.AccountRoleId
2026-02-09T14:41:06.349+07:00  INFO 4480 --- [auth-service] [restartedMain] o.h.e.t.j.p.i.JtaPlatformInitiator       : HHH000489: No JTA platform available (set 'hibernate.transaction.jta.platform' to enable JTA platform integration)
2026-02-09T14:41:06.356+07:00  INFO 4480 --- [auth-service] [restartedMain] j.LocalContainerEntityManagerFactoryBean : Initialized JPA EntityManagerFactory for persistence unit 'default'
2026-02-09T14:41:06.490+07:00  WARN 4480 --- [auth-service] [restartedMain] JpaBaseConfiguration$JpaWebConfiguration : spring.jpa.open-in-view is enabled by default. Therefore, database queries may be performed during view rendering. Explicitly configure spring.jpa.open-in-view to disable this warning
2026-02-09T14:41:08.449+07:00  WARN 4480 --- [auth-service] [restartedMain] .s.s.UserDetailsServiceAutoConfiguration : 

Using generated security password: fa968281-7684-424b-832c-4ecf71885a88

This generated password is for development use only. Your security configuration must be updated before running your application in production.

2026-02-09T14:41:08.468+07:00  INFO 4480 --- [auth-service] [restartedMain] r$InitializeUserDetailsManagerConfigurer : Global AuthenticationManager configured with UserDetailsService bean with name inMemoryUserDetailsManager
2026-02-09T14:41:08.771+07:00  WARN 4480 --- [auth-service] [restartedMain] o.s.b.d.a.OptionalLiveReloadServer       : Unable to start LiveReload server
2026-02-09T14:41:09.828+07:00  INFO 4480 --- [auth-service] [restartedMain] o.s.cloud.commons.util.InetUtils         : Cannot determine local hostname
2026-02-09T14:41:10.997+07:00  INFO 4480 --- [auth-service] [restartedMain] o.s.cloud.commons.util.InetUtils         : Cannot determine local hostname
2026-02-09T14:41:11.042+07:00  INFO 4480 --- [auth-service] [restartedMain] DiscoveryClientOptionalArgsConfiguration : Eureka HTTP Client uses RestTemplate.
2026-02-09T14:41:11.119+07:00  WARN 4480 --- [auth-service] [restartedMain] iguration$LoadBalancerCaffeineWarnLogger : Spring Cloud LoadBalancer is currently working with the default cache. While this cache implementation is useful for development and tests, it's recommended to use Caffeine cache in production.You can switch to using Caffeine cache, by adding it and org.springframework.cache.caffeine.CaffeineCacheManager to the classpath.
2026-02-09T14:41:11.217+07:00  INFO 4480 --- [auth-service] [restartedMain] o.s.c.n.eureka.InstanceInfoFactory       : Setting initial instance status as: STARTING
2026-02-09T14:41:11.265+07:00  INFO 4480 --- [auth-service] [restartedMain] com.netflix.discovery.DiscoveryClient    : Initializing Eureka in region us-east-1
2026-02-09T14:41:11.273+07:00  INFO 4480 --- [auth-service] [restartedMain] c.n.d.s.r.aws.ConfigClusterResolver      : Resolving eureka endpoints via configuration
2026-02-09T14:41:11.293+07:00  INFO 4480 --- [auth-service] [restartedMain] com.netflix.discovery.DiscoveryClient    : Disable delta property : false
2026-02-09T14:41:11.293+07:00  INFO 4480 --- [auth-service] [restartedMain] com.netflix.discovery.DiscoveryClient    : Single vip registry refresh property : null
2026-02-09T14:41:11.293+07:00  INFO 4480 --- [auth-service] [restartedMain] com.netflix.discovery.DiscoveryClient    : Force full registry fetch : false
2026-02-09T14:41:11.293+07:00  INFO 4480 --- [auth-service] [restartedMain] com.netflix.discovery.DiscoveryClient    : Application is null : false
2026-02-09T14:41:11.294+07:00  INFO 4480 --- [auth-service] [restartedMain] com.netflix.discovery.DiscoveryClient    : Registered Applications size is zero : true
2026-02-09T14:41:11.294+07:00  INFO 4480 --- [auth-service] [restartedMain] com.netflix.discovery.DiscoveryClient    : Application version is -1: true
2026-02-09T14:41:11.294+07:00  INFO 4480 --- [auth-service] [restartedMain] com.netflix.discovery.DiscoveryClient    : Getting all instance registry info from the eureka server
2026-02-09T14:41:12.106+07:00  INFO 4480 --- [auth-service] [restartedMain] com.netflix.discovery.DiscoveryClient    : The response status is 200
2026-02-09T14:41:12.109+07:00  INFO 4480 --- [auth-service] [restartedMain] com.netflix.discovery.DiscoveryClient    : Starting heartbeat executor: renew interval is: 30
2026-02-09T14:41:12.113+07:00  INFO 4480 --- [auth-service] [restartedMain] c.n.discovery.InstanceInfoReplicator     : InstanceInfoReplicator onDemand update allowed rate per min is 4
2026-02-09T14:41:12.117+07:00  INFO 4480 --- [auth-service] [restartedMain] com.netflix.discovery.DiscoveryClient    : Discovery Client initialized at timestamp 1770622872115 with initial instances count: 2
2026-02-09T14:41:12.127+07:00  INFO 4480 --- [auth-service] [restartedMain] o.s.c.n.e.s.EurekaServiceRegistry        : Registering application AUTH-SERVICE with eureka with status UP
2026-02-09T14:41:12.129+07:00  INFO 4480 --- [auth-service] [restartedMain] com.netflix.discovery.DiscoveryClient    : Saw local status change event StatusChangeEvent [timestamp=1770622872128, current=UP, previous=STARTING]
2026-02-09T14:41:12.131+07:00  INFO 4480 --- [auth-service] [DiscoveryClient-InstanceInfoReplicator-%d] com.netflix.discovery.DiscoveryClient    : DiscoveryClient_AUTH-SERVICE/localhost:auth-service:9001: registering service...
2026-02-09T14:41:12.164+07:00  INFO 4480 --- [auth-service] [restartedMain] o.s.b.w.embedded.tomcat.TomcatWebServer  : Tomcat started on port 9001 (http) with context path '/'
2026-02-09T14:41:12.175+07:00  INFO 4480 --- [auth-service] [restartedMain] .s.c.n.e.s.EurekaAutoServiceRegistration : Updating port to 9001
2026-02-09T14:41:12.197+07:00  INFO 4480 --- [auth-service] [DiscoveryClient-InstanceInfoReplicator-%d] com.netflix.discovery.DiscoveryClient    : DiscoveryClient_AUTH-SERVICE/localhost:auth-service:9001 - registration status: 204
2026-02-09T14:41:13.199+07:00  INFO 4480 --- [auth-service] [restartedMain] o.s.cloud.commons.util.InetUtils         : Cannot determine local hostname
2026-02-09T14:41:13.221+07:00  INFO 4480 --- [auth-service] [restartedMain] c.t.d.a.AuthServiceApplication           : Started AuthServiceApplication in 14.199 seconds (process running for 15.36)
